yunpukeji/build/intermediates/manifest_merge_blame_file/debug/manifest-merger-blame-debug-report.txt
1<?xml version="1.0" encoding="utf-8"?>
2<manifest xmlns:android="http://schemas.android.com/apk/res/android"
3    package="com.zhiluo.android.yunpu"
4    android:versionCode="168"
5    android:versionName="1.9.8.8" >
6
7    <uses-sdk
8        android:minSdkVersion="19"
8-->src\main\AndroidManifest.xml
9        android:targetSdkVersion="27" />
9-->src\main\AndroidManifest.xml
10
11    <!-- 极光推送 -->
12    <!-- Required -->
13    <permission
14        android:name="com.zhiluo.android.yunpu.permission.JPUSH_MESSAGE"
14-->src\main\AndroidManifest.xml:11:9-65
15        android:protectionLevel="signature" />
15-->src\main\AndroidManifest.xml:12:9-44
16
17    <uses-permission android:name="com.zhiluo.android.yunpu.permission.JPUSH_MESSAGE" />
17-->src\main\AndroidManifest.xml:13:22-78
18
19    <!-- *********************************保留************** -->
20    <!-- 网络 -->
21    <uses-permission android:name="android.permission.INTERNET" />
21-->src\main\AndroidManifest.xml:18:5-67
21-->src\main\AndroidManifest.xml:18:22-64
22    <!-- 允许程序写入外部存储 -->
23    <uses-permission android:name="android.permission.WRITE_EXTERNAL_STORAGE" />
23-->src\main\AndroidManifest.xml:20:5-81
23-->src\main\AndroidManifest.xml:20:22-78
24    <!-- 读取设备外部存储空间 -->
25    <uses-permission android:name="android.permission.READ_EXTERNAL_STORAGE" />
25-->src\main\AndroidManifest.xml:22:5-80
25-->src\main\AndroidManifest.xml:22:22-77
26    <!-- 允许程序连接配对过的蓝牙设备 -->
27    <uses-permission android:name="android.permission.BLUETOOTH" />
27-->src\main\AndroidManifest.xml:24:5-68
27-->src\main\AndroidManifest.xml:24:22-65
28    <!-- 允许程序进行发现和配对新的蓝牙设备 -->
29    <uses-permission android:name="android.permission.BLUETOOTH_ADMIN" />
29-->src\main\AndroidManifest.xml:26:5-74
29-->src\main\AndroidManifest.xml:26:22-71
30    <!-- 允许访问摄像头进行拍照 -->
31    <uses-permission android:name="android.permission.CAMERA" />
31-->src\main\AndroidManifest.xml:28:5-65
31-->src\main\AndroidManifest.xml:28:22-62
32    <!-- 允许程序管理AccountManager中的账户列表 -->
33    <uses-permission android:name="android.permission.MANAGE_ACCOUNTS" />
33-->src\main\AndroidManifest.xml:30:5-74
33-->src\main\AndroidManifest.xml:30:22-71
34    <!-- 用于获取运营商信息，用于支持提供运营商信息相关的接口 -->
35    <uses-permission android:name="android.permission.ACCESS_NETWORK_STATE" />
35-->src\main\AndroidManifest.xml:32:5-79
35-->src\main\AndroidManifest.xml:32:22-76
36    <!-- 这个权限用于进行网络定位 -->
37    <uses-permission android:name="android.permission.ACCESS_COARSE_LOCATION" />
37-->src\main\AndroidManifest.xml:34:5-81
37-->src\main\AndroidManifest.xml:34:22-78
38    <!-- 用于访问wifi网络信息，wifi信息会用于进行网络定位 -->
39    <uses-permission android:name="android.permission.ACCESS_WIFI_STATE" />
39-->src\main\AndroidManifest.xml:36:5-76
39-->src\main\AndroidManifest.xml:36:22-73
40    <!-- 允许程序读取或写入系统设置 -->
41    <uses-permission android:name="android.permission.WRITE_SETTINGS" />
41-->src\main\AndroidManifest.xml:38:5-40:47
41-->src\main\AndroidManifest.xml:39:9-57
42    <!-- 安装 -->
43    <uses-permission android:name="android.permission.REQUEST_INSTALL_PACKAGES" />
43-->src\main\AndroidManifest.xml:42:5-83
43-->src\main\AndroidManifest.xml:42:22-80
44
45    <!-- pos特有权限 -->
46    <uses-permission android:name="com.pos.permission.ACCESSORY_DATETIME" />
46-->src\main\AndroidManifest.xml:45:5-77
46-->src\main\AndroidManifest.xml:45:22-74
47    <uses-permission android:name="com.pos.permission.ACCESSORY_LED" />
47-->src\main\AndroidManifest.xml:46:5-72
47-->src\main\AndroidManifest.xml:46:22-69
48    <uses-permission android:name="com.pos.permission.ACCESSORY_BEEP" />
48-->src\main\AndroidManifest.xml:47:5-73
48-->src\main\AndroidManifest.xml:47:22-70
49    <uses-permission android:name="com.pos.permission.ACCESSORY_RFREGISTER" />
49-->src\main\AndroidManifest.xml:48:5-79
49-->src\main\AndroidManifest.xml:48:22-76
50    <uses-permission android:name="com.pos.permission.CARD_READER_ICC" />
50-->src\main\AndroidManifest.xml:49:5-74
50-->src\main\AndroidManifest.xml:49:22-71
51    <uses-permission android:name="com.pos.permission.CARD_READER_PICC" />
51-->src\main\AndroidManifest.xml:50:5-75
51-->src\main\AndroidManifest.xml:50:22-72
52    <uses-permission android:name="com.pos.permission.CARD_READER_MAG" />
52-->src\main\AndroidManifest.xml:51:5-74
52-->src\main\AndroidManifest.xml:51:22-71
53    <uses-permission android:name="com.pos.permission.COMMUNICATION" />
53-->src\main\AndroidManifest.xml:52:5-72
53-->src\main\AndroidManifest.xml:52:22-69
54    <uses-permission android:name="com.pos.permission.PRINTER" />
54-->src\main\AndroidManifest.xml:53:5-66
54-->src\main\AndroidManifest.xml:53:22-63
55    <uses-permission android:name="com.pos.permission.SECURITY" />
55-->src\main\AndroidManifest.xml:54:5-67
55-->src\main\AndroidManifest.xml:54:22-64
56
57    <!-- NFC -->
58    <uses-permission android:name="android.permission.NFC" />
58-->src\main\AndroidManifest.xml:57:5-62
58-->src\main\AndroidManifest.xml:57:22-59
59
60    <!-- 拉卡拉pos -->
61    <!-- 设置打印机权限 -->
62    <uses-permission android:name="android.permission.CLOUDPOS_MID_PRINTER" />
62-->src\main\AndroidManifest.xml:61:5-79
62-->src\main\AndroidManifest.xml:61:22-76
63    <!-- 访问接触式IC卡读卡权限 -->
64    <uses-permission android:name="android.permission.CLOUDPOS_MID_ICCARD" />
64-->src\main\AndroidManifest.xml:63:5-78
64-->src\main\AndroidManifest.xml:63:22-75
65    <!-- 访问非接触式IC卡读卡权限 -->
66    <uses-permission android:name="android.permission.CLOUDPOS_MID_RFCARD" />
66-->src\main\AndroidManifest.xml:65:5-78
66-->src\main\AndroidManifest.xml:65:22-75
67    <!-- 访问磁条卡读卡器设备权限 -->
68    <uses-permission android:name="android.permission.CLOUDPOS_MID_MAGCARD" />
68-->src\main\AndroidManifest.xml:67:5-79
68-->src\main\AndroidManifest.xml:67:22-76
69    <!-- 获取磁道明文接口 -->
70    <uses-permission android:name="android.permission.CLOUDPOS_MID_MAGCARD_GETTRACKDATA" />
70-->src\main\AndroidManifest.xml:69:5-92
70-->src\main\AndroidManifest.xml:69:22-89
71    <!-- 获取磁道密文数据接口权限 -->
72    <uses-permission android:name="android.permission.CLOUDPOS_MID_MAGCARD_GETENCRYPTTRACKDATA" />
72-->src\main\AndroidManifest.xml:71:5-99
72-->src\main\AndroidManifest.xml:71:22-96
73    <!-- 访问PSAM卡设备权限 -->
74    <uses-permission android:name="android.permission.CLOUDPOS_MID_PSAMCARD" />
74-->src\main\AndroidManifest.xml:73:5-80
74-->src\main\AndroidManifest.xml:73:22-77
75    <!-- 访问串口设备权限 -->
76    <uses-permission android:name="android.permission.CLOUDPOS_MID_SERIALPORT" />
76-->src\main\AndroidManifest.xml:75:5-82
76-->src\main\AndroidManifest.xml:75:22-79
77    <!-- 访问系统设备权限 -->
78    <uses-permission android:name="android.permission.CLOUDPOS_MID_SYSTEMDEV" />
78-->src\main\AndroidManifest.xml:77:5-81
78-->src\main\AndroidManifest.xml:77:22-78
79    <!-- 用户唤醒机器的权限 -->
80    <uses-permission android:name="android.permission.RECEIVE_USER_PRESENT" />
80-->src\main\AndroidManifest.xml:79:5-79
80-->src\main\AndroidManifest.xml:79:22-76
81    <uses-permission android:name="android.permission.READ_PHONE_STATE" />
81-->[cn.jiguang.sdk:jpush:3.3.1] AndroidManifest.xml:19:5-75
81-->[cn.jiguang.sdk:jpush:3.3.1] AndroidManifest.xml:19:22-72
82    <uses-permission android:name="android.permission.MOUNT_UNMOUNT_FILESYSTEMS" /> <!-- Optional for location -->
82-->[cn.jiguang.sdk:jpush:3.3.1] AndroidManifest.xml:23:5-84
82-->[cn.jiguang.sdk:jpush:3.3.1] AndroidManifest.xml:23:22-81
83    <uses-permission android:name="android.permission.VIBRATE" />
83-->[cn.jiguang.sdk:jpush:3.3.1] AndroidManifest.xml:28:5-66
83-->[cn.jiguang.sdk:jpush:3.3.1] AndroidManifest.xml:28:22-63
84    <uses-permission android:name="android.permission.SYSTEM_ALERT_WINDOW" />
84-->[cn.jiguang.sdk:jpush:3.3.1] AndroidManifest.xml:29:5-78
84-->[cn.jiguang.sdk:jpush:3.3.1] AndroidManifest.xml:29:22-75
85    <uses-permission android:name="android.permission.ACCESS_BACKGROUND_LOCATION" /> <!-- Android Q后台定位权限 -->
85-->[cn.jiguang.sdk:jpush:3.3.1] AndroidManifest.xml:31:5-85
85-->[cn.jiguang.sdk:jpush:3.3.1] AndroidManifest.xml:31:22-82
86    <uses-permission android:name="android.permission.CHANGE_WIFI_STATE" />
86-->[cn.jiguang.sdk:jpush:3.3.1] AndroidManifest.xml:32:5-76
86-->[cn.jiguang.sdk:jpush:3.3.1] AndroidManifest.xml:32:22-73
87    <uses-permission android:name="android.permission.ACCESS_FINE_LOCATION" />
87-->[cn.jiguang.sdk:jpush:3.3.1] AndroidManifest.xml:33:5-79
87-->[cn.jiguang.sdk:jpush:3.3.1] AndroidManifest.xml:33:22-76
88    <uses-permission android:name="android.permission.ACCESS_LOCATION_EXTRA_COMMANDS" />
88-->[cn.jiguang.sdk:jpush:3.3.1] AndroidManifest.xml:34:5-89
88-->[cn.jiguang.sdk:jpush:3.3.1] AndroidManifest.xml:34:22-86
89    <uses-permission android:name="android.permission.CHANGE_NETWORK_STATE" /> <!-- *********************************不保留 ************** -->
89-->[cn.jiguang.sdk:jpush:3.3.1] AndroidManifest.xml:35:5-79
89-->[cn.jiguang.sdk:jpush:3.3.1] AndroidManifest.xml:35:22-76
90    <!-- &lt;!&ndash; 访问一个帐户列表在Accounts Service中 &ndash;&gt; -->
91    <!-- <uses-permission android:name="android.permission.GET_ACCOUNTS" /> -->
92    <!-- &lt;!&ndash; 访问用户个人资料 &ndash;&gt; -->
93    <!-- <uses-permission android:name="android.permission.READ_PROFILE" /> -->
94    <!-- &lt;!&ndash; 允许程序访问联系人通讯录信息 &ndash;&gt; -->
95    <!-- <uses-permission android:name="android.permission.READ_CONTACTS" /> -->
96    <!-- &lt;!&ndash; 允许挂载和反挂载文件系统可移动存储 &ndash;&gt; -->
97    <!-- <uses-permission android:name="android.permission.MOUNT_UNMOUNT_FILESYSTEMS" /> -->
98    <!-- &lt;!&ndash; 显示系统窗口 &ndash;&gt; -->
99    <!-- <uses-permission android:name="android.permission.SYSTEM_ALERT_WINDOW" /> -->
100    <!-- &lt;!&ndash; 这个权限用于访问GPS定位&ndash;&gt; -->
101    <!-- <uses-permission android:name="android.permission.ACCESS_FINE_LOCATION" /> -->
102    <!-- &lt;!&ndash; 用于申请调用A-GPS模块 &ndash;&gt; -->
103    <!-- <uses-permission android:name="android.permission.ACCESS_LOCATION_EXTRA_COMMANDS" /> -->
104    <!-- &lt;!&ndash; 允许振动 &ndash;&gt; -->
105    <!-- <uses-permission android:name="android.permission.VIBRATE" /> -->
106    <!-- &lt;!&ndash; 手机 &ndash;&gt; -->
107    <!-- <uses-permission android:name="android.permission.READ_PHONE_STATE" /> -->
108    <!-- &lt;!&ndash; 允许一个程序获取信息有关当前或最近运行的任务，一个缩略的任务状态，是否活动等等 &ndash;&gt; -->
109    <!-- <uses-permission android:name="android.permission.GET_TASKS" /> -->
110    <!-- &lt;!&ndash; 悬浮窗 &ndash;&gt; -->
111    <!-- <uses-permission android:name="android.permission.SYSTEM_OVERLAY_WINDOW" /> -->
112    <!-- &lt;!&ndash; 这个权限用于获取wifi的获取权限，wifi信息会用来进行网络定位&ndash;&gt; -->
113    <!-- <uses-permission android:name="android.permission.CHANGE_WIFI_STATE" /> -->
114    <!-- &lt;!&ndash;监听网络连接状态的改变&ndash;&gt; -->
115    <!-- <uses-permission android:name="android.permission.CHANGE_NETWORK_STATE" /> -->
116    <!-- &lt;!&ndash;android 9.0上使用前台服务，需要添加权限&ndash;&gt; -->
117    <!-- <uses-permission android:name="android.permission.FOREGROUND_SERVICE" /> -->
118    <!-- android:networkSecurityConfig="@xml/network_security_config" -->
119    <!-- android:usesCleartextTraffic="true" -->
120    <application
120-->src\main\AndroidManifest.xml:115:5-890:19
121        android:name="com.zhiluo.android.yunpu.config.MyApplication"
121-->src\main\AndroidManifest.xml:116:9-45
122        android:allowBackup="true"
122-->src\main\AndroidManifest.xml:117:9-35
123        android:debuggable="true"
124        android:hardwareAccelerated="false"
124-->src\main\AndroidManifest.xml:118:9-44
125        android:icon="@drawable/zhiluo_logo"
125-->src\main\AndroidManifest.xml:119:9-45
126        android:label="@string/app_name"
126-->src\main\AndroidManifest.xml:120:9-41
127        android:largeHeap="true"
127-->src\main\AndroidManifest.xml:121:9-33
128        android:screenOrientation="portrait"
128-->src\main\AndroidManifest.xml:122:9-45
129        android:supportsRtl="true"
129-->src\main\AndroidManifest.xml:123:9-35
130        android:testOnly="true"
131        android:theme="@style/MyAppTheme"
131-->src\main\AndroidManifest.xml:124:9-42
132        android:usesCleartextTraffic="true" >
132-->src\main\AndroidManifest.xml:125:9-44
133        <activity android:name="com.zhiluo.android.yunpu.goods.consume.activity.GoodsSpecsActivity" />
133-->src\main\AndroidManifest.xml:127:9-88
133-->src\main\AndroidManifest.xml:127:19-76
134
135        <uses-library
135-->src\main\AndroidManifest.xml:129:9-131:40
136            android:name="com.odm"
136-->src\main\AndroidManifest.xml:130:13-35
137            android:required="false" />
137-->src\main\AndroidManifest.xml:131:13-37
138        <uses-library
138-->src\main\AndroidManifest.xml:132:9-134:40
139            android:name="com.pos.sdk"
139-->src\main\AndroidManifest.xml:133:13-39
140            android:required="false" />
140-->src\main\AndroidManifest.xml:134:13-37
141
142        <provider
143            android:name="android.support.v4.content.FileProvider"
143-->src\main\AndroidManifest.xml:137:13-67
144            android:authorities="com.zhiluo.android.yunpu.fileprovider"
144-->src\main\AndroidManifest.xml:138:13-64
145            android:exported="false"
145-->src\main\AndroidManifest.xml:139:13-37
146            android:grantUriPermissions="true" >
146-->src\main\AndroidManifest.xml:140:13-47
147            <meta-data
147-->src\main\AndroidManifest.xml:141:13-143:54
148                android:name="android.support.FILE_PROVIDER_PATHS"
148-->src\main\AndroidManifest.xml:142:17-67
149                android:resource="@xml/file_paths" />
149-->src\main\AndroidManifest.xml:143:17-51
150        </provider>
151
152        <activity
152-->src\main\AndroidManifest.xml:146:9-171:20
153            android:name="com.zhiluo.android.yunpu.login.activity.LoginActivity"
153-->src\main\AndroidManifest.xml:147:13-57
154            android:alwaysRetainTaskState="true"
154-->src\main\AndroidManifest.xml:148:13-49
155            android:screenOrientation="portrait"
155-->src\main\AndroidManifest.xml:149:13-49
156            android:windowSoftInputMode="stateHidden" >
156-->src\main\AndroidManifest.xml:150:13-54
157            <intent-filter>
157-->src\main\AndroidManifest.xml:151:13-155:29
158                <action android:name="android.intent.action.MAIN" />
158-->src\main\AndroidManifest.xml:152:17-69
158-->src\main\AndroidManifest.xml:152:25-66
159
160                <category android:name="android.intent.category.LAUNCHER" />
160-->src\main\AndroidManifest.xml:154:17-77
160-->src\main\AndroidManifest.xml:154:27-74
161            </intent-filter>
162            <intent-filter>
162-->src\main\AndroidManifest.xml:156:13-158:29
163                <action android:name="android.nfc.action.TECH_DISCOVERED" />
163-->src\main\AndroidManifest.xml:157:17-77
163-->src\main\AndroidManifest.xml:157:25-74
164            </intent-filter>
165            <intent-filter>
165-->src\main\AndroidManifest.xml:159:13-165:29
166                <action android:name="android.nfc.action.NDEF_DISCOVERED" />
166-->src\main\AndroidManifest.xml:160:17-77
166-->src\main\AndroidManifest.xml:160:25-74
167
168                <category android:name="android.intent.category.DEFAULT" />
168-->src\main\AndroidManifest.xml:162:17-76
168-->src\main\AndroidManifest.xml:162:27-73
169
170                <data android:mimeType="text/plain" />
170-->src\main\AndroidManifest.xml:164:17-55
170-->src\main\AndroidManifest.xml:164:23-52
171            </intent-filter>
172            <intent-filter>
172-->src\main\AndroidManifest.xml:166:13-170:29
173                <action android:name="android.nfc.action.TAG_DISCOVERED" />
173-->src\main\AndroidManifest.xml:167:17-76
173-->src\main\AndroidManifest.xml:167:25-73
174
175                <category android:name="android.intent.category.DEFAULT" />
175-->src\main\AndroidManifest.xml:162:17-76
175-->src\main\AndroidManifest.xml:162:27-73
176            </intent-filter>
177        </activity> <!-- For test only 测试状态通知栏，需要打开的Activity -->
178        <activity
178-->src\main\AndroidManifest.xml:172:9-180:20
179            android:name="com.zhiluo.android.yunpu.jpush.NoticeActivity"
179-->src\main\AndroidManifest.xml:173:13-49
180            android:exported="false" >
180-->src\main\AndroidManifest.xml:174:13-37
181            <intent-filter>
181-->src\main\AndroidManifest.xml:175:13-179:29
182                <action android:name="jpush.testAction" />
182-->src\main\AndroidManifest.xml:176:17-59
182-->src\main\AndroidManifest.xml:176:25-56
183
184                <category android:name="jpush.testCategory" />
184-->src\main\AndroidManifest.xml:178:17-63
184-->src\main\AndroidManifest.xml:178:27-60
185            </intent-filter>
186        </activity> <!-- Rich push 核心功能 since 2.0.6 -->
187        <activity
187-->src\main\AndroidManifest.xml:181:9-184:52
188            android:name="cn.jpush.android.ui.PopWinActivity"
188-->src\main\AndroidManifest.xml:182:13-62
189            android:exported="false"
189-->src\main\AndroidManifest.xml:183:13-37
190            android:theme="@style/MyDialogStyle" /> <!-- Required SDK核心功能 -->
190-->src\main\AndroidManifest.xml:184:13-49
191        <activity
191-->src\main\AndroidManifest.xml:185:9-196:20
192            android:name="cn.jpush.android.ui.PushActivity"
192-->src\main\AndroidManifest.xml:186:13-60
193            android:configChanges="orientation|keyboardHidden"
193-->src\main\AndroidManifest.xml:187:13-63
194            android:exported="false"
194-->src\main\AndroidManifest.xml:188:13-37
195            android:theme="@android:style/Theme.NoTitleBar" >
195-->src\main\AndroidManifest.xml:189:13-60
196            <intent-filter>
196-->src\main\AndroidManifest.xml:190:13-195:29
197                <action android:name="cn.jpush.android.ui.PushActivity" />
197-->src\main\AndroidManifest.xml:191:17-75
197-->src\main\AndroidManifest.xml:191:25-72
198
199                <category android:name="android.intent.category.DEFAULT" />
199-->src\main\AndroidManifest.xml:162:17-76
199-->src\main\AndroidManifest.xml:162:27-73
200                <category android:name="com.zhiluo.android.yunpu" />
200-->src\main\AndroidManifest.xml:194:27-58
201            </intent-filter>
202        </activity> <!-- Required SDK 核心功能 -->
203        <!-- 可配置android:process参数将PushService放在其他进程中 -->
204        <service
204-->src\main\AndroidManifest.xml:198:9-208:19
205            android:name="cn.jpush.android.service.PushService"
205-->src\main\AndroidManifest.xml:199:13-64
206            android:enabled="true"
206-->[cn.jiguang.sdk:jpush:3.3.1] AndroidManifest.xml:62:13-35
207            android:exported="false"
207-->src\main\AndroidManifest.xml:200:13-37
208            android:process=":pushcore" >
208-->src\main\AndroidManifest.xml:201:13-40
209            <intent-filter>
209-->src\main\AndroidManifest.xml:202:13-207:29
210                <action android:name="cn.jpush.android.intent.REGISTER" />
210-->src\main\AndroidManifest.xml:203:17-75
210-->src\main\AndroidManifest.xml:203:25-72
211                <action android:name="cn.jpush.android.intent.REPORT" />
211-->src\main\AndroidManifest.xml:204:17-73
211-->src\main\AndroidManifest.xml:204:25-70
212                <action android:name="cn.jpush.android.intent.PushService" />
212-->src\main\AndroidManifest.xml:205:17-78
212-->src\main\AndroidManifest.xml:205:25-75
213                <action android:name="cn.jpush.android.intent.PUSH_TIME" />
213-->src\main\AndroidManifest.xml:206:17-76
213-->src\main\AndroidManifest.xml:206:25-73
214            </intent-filter>
215        </service> <!-- since 3.0.9 Required SDK 核心功能 -->
216        <provider
217            android:name="cn.jpush.android.service.DataProvider"
217-->src\main\AndroidManifest.xml:210:13-65
218            android:authorities="com.zhiluo.android.yunpu.DataProvider"
218-->src\main\AndroidManifest.xml:211:13-64
219            android:exported="false"
219-->src\main\AndroidManifest.xml:212:13-37
220            android:process=":pushcore" /> <!-- since 1.8.0 option 可选项。用于同一设备中不同应用的JPush服务相互拉起的功能。 -->
220-->src\main\AndroidManifest.xml:213:13-40
221        <!-- 若不启用该功能可删除该组件，将不拉起其他应用也不能被其他应用拉起 -->
222        <service
222-->src\main\AndroidManifest.xml:215:9-224:19
223            android:name="cn.jpush.android.service.DaemonService"
223-->src\main\AndroidManifest.xml:216:13-66
224            android:enabled="true"
224-->src\main\AndroidManifest.xml:217:13-35
225            android:exported="true" >
225-->src\main\AndroidManifest.xml:218:13-36
226            <intent-filter>
226-->src\main\AndroidManifest.xml:219:13-223:29
227                <action android:name="cn.jpush.android.intent.DaemonService" />
227-->src\main\AndroidManifest.xml:220:17-80
227-->src\main\AndroidManifest.xml:220:25-77
228
229                <category android:name="com.zhiluo.android.yunpu" />
229-->src\main\AndroidManifest.xml:194:27-58
230            </intent-filter>
231        </service> <!-- since 3.1.0 Required SDK 核心功能 -->
232        <provider
233            android:name="cn.jpush.android.service.DownloadProvider"
233-->src\main\AndroidManifest.xml:226:13-69
234            android:authorities="com.zhiluo.android.yunpu.DownloadProvider"
234-->src\main\AndroidManifest.xml:227:13-68
235            android:exported="true" /> <!-- Required SDK核心功能 -->
235-->src\main\AndroidManifest.xml:228:13-36
236        <receiver
236-->src\main\AndroidManifest.xml:229:9-248:20
237            android:name="cn.jpush.android.service.PushReceiver"
237-->src\main\AndroidManifest.xml:230:13-65
238            android:enabled="true"
238-->src\main\AndroidManifest.xml:231:13-35
239            android:exported="false" >
239-->src\main\AndroidManifest.xml:232:13-37
240            <intent-filter android:priority="1000" >
240-->src\main\AndroidManifest.xml:233:13-236:29
240-->src\main\AndroidManifest.xml:233:28-51
241                <action android:name="cn.jpush.android.intent.NOTIFICATION_RECEIVED_PROXY" /> <!-- Required  显示通知栏 -->
241-->src\main\AndroidManifest.xml:234:17-94
241-->src\main\AndroidManifest.xml:234:25-91
242                <category android:name="com.zhiluo.android.yunpu" />
242-->src\main\AndroidManifest.xml:194:27-58
243            </intent-filter>
244            <intent-filter>
244-->src\main\AndroidManifest.xml:237:13-240:29
245                <action android:name="android.intent.action.USER_PRESENT" />
245-->src\main\AndroidManifest.xml:238:17-77
245-->src\main\AndroidManifest.xml:238:25-74
246                <action android:name="android.net.conn.CONNECTIVITY_CHANGE" />
246-->src\main\AndroidManifest.xml:239:17-79
246-->src\main\AndroidManifest.xml:239:25-76
247            </intent-filter>
248            <!-- Optional -->
249            <intent-filter>
249-->src\main\AndroidManifest.xml:242:13-247:29
250                <action android:name="android.intent.action.PACKAGE_ADDED" />
250-->src\main\AndroidManifest.xml:243:17-78
250-->src\main\AndroidManifest.xml:243:25-75
251                <action android:name="android.intent.action.PACKAGE_REMOVED" />
251-->src\main\AndroidManifest.xml:244:17-80
251-->src\main\AndroidManifest.xml:244:25-77
252
253                <data android:scheme="package" />
253-->src\main\AndroidManifest.xml:164:17-55
253-->src\main\AndroidManifest.xml:246:23-47
254            </intent-filter>
255        </receiver> <!-- Required SDK核心功能 -->
256        <receiver
256-->src\main\AndroidManifest.xml:249:9-251:40
257            android:name="cn.jpush.android.service.AlarmReceiver"
257-->src\main\AndroidManifest.xml:250:13-66
258            android:exported="false" /> <!-- since 3.3.0 Required SDK核心功能 -->
258-->src\main\AndroidManifest.xml:251:13-37
259        <activity
259-->src\main\AndroidManifest.xml:252:9-262:20
260            android:name="cn.jpush.android.service.JNotifyActivity"
260-->src\main\AndroidManifest.xml:253:13-68
261            android:exported="true"
261-->src\main\AndroidManifest.xml:254:13-36
262            android:taskAffinity="jpush.custom"
262-->src\main\AndroidManifest.xml:255:13-48
263            android:theme="@android:style/Theme.Translucent.NoTitleBar" >
263-->src\main\AndroidManifest.xml:256:13-72
264            <intent-filter>
264-->src\main\AndroidManifest.xml:257:13-261:29
265                <action android:name="cn.jpush.android.intent.JNotifyActivity" />
265-->src\main\AndroidManifest.xml:258:17-82
265-->src\main\AndroidManifest.xml:258:25-79
266
267                <category android:name="com.zhiluo.android.yunpu" />
267-->src\main\AndroidManifest.xml:194:27-58
268            </intent-filter>
269        </activity> <!-- Since JCore2.0.0 Required SDK核心功能 -->
270        <!-- 这个Service要继承JCommonService -->
271        <service
271-->src\main\AndroidManifest.xml:264:9-270:19
272            android:name="com.zhiluo.android.yunpu.jpush.PushService"
272-->src\main\AndroidManifest.xml:265:13-46
273            android:process=":pushcore" >
273-->src\main\AndroidManifest.xml:266:13-40
274            <intent-filter>
274-->src\main\AndroidManifest.xml:267:13-269:29
275                <action android:name="cn.jiguang.user.service.action" />
275-->src\main\AndroidManifest.xml:268:17-73
275-->src\main\AndroidManifest.xml:268:25-70
276            </intent-filter>
277        </service> <!-- User defined.  Required  用户自定义的广播接收器 -->
278        <receiver
278-->src\main\AndroidManifest.xml:271:9-283:20
279            android:name="com.zhiluo.android.yunpu.jpush.MyReceiver"
279-->src\main\AndroidManifest.xml:272:13-45
280            android:enabled="true"
280-->src\main\AndroidManifest.xml:273:13-35
281            android:exported="false" >
281-->src\main\AndroidManifest.xml:274:13-37
282            <intent-filter>
282-->src\main\AndroidManifest.xml:275:13-282:29
283                <action android:name="cn.jpush.android.intent.REGISTRATION" /> <!-- Required  用户注册SDK的intent -->
283-->src\main\AndroidManifest.xml:276:17-79
283-->src\main\AndroidManifest.xml:276:25-76
284                <action android:name="cn.jpush.android.intent.MESSAGE_RECEIVED" /> <!-- Required  用户接收SDK消息的intent -->
284-->src\main\AndroidManifest.xml:277:17-83
284-->src\main\AndroidManifest.xml:277:25-80
285                <action android:name="cn.jpush.android.intent.NOTIFICATION_RECEIVED" /> <!-- Required  用户接收SDK通知栏信息的intent -->
285-->src\main\AndroidManifest.xml:278:17-88
285-->src\main\AndroidManifest.xml:278:25-85
286                <action android:name="cn.jpush.android.intent.NOTIFICATION_OPENED" /> <!-- Required  用户打开自定义通知栏的intent -->
286-->src\main\AndroidManifest.xml:279:17-86
286-->src\main\AndroidManifest.xml:279:25-83
287                <action android:name="cn.jpush.android.intent.CONNECTION" /> <!-- 接收网络变化 连接/断开 since 1.6.3 -->
287-->src\main\AndroidManifest.xml:280:17-77
287-->src\main\AndroidManifest.xml:280:25-74
288                <category android:name="com.zhiluo.android.yunpu" />
288-->src\main\AndroidManifest.xml:194:27-58
289            </intent-filter>
290        </receiver> <!-- User defined.  For test only  用户自定义接收消息器,3.0.7开始支持,目前新tag/alias接口设置结果会在该广播接收器对应的方法中回调 -->
291        <receiver android:name="com.zhiluo.android.yunpu.jpush.MyJPushMessageReceiver" >
291-->src\main\AndroidManifest.xml:284:9-290:20
291-->src\main\AndroidManifest.xml:284:19-63
292            <intent-filter>
292-->src\main\AndroidManifest.xml:285:13-289:29
293                <action android:name="cn.jpush.android.intent.RECEIVE_MESSAGE" />
293-->src\main\AndroidManifest.xml:286:17-82
293-->src\main\AndroidManifest.xml:286:25-79
294
295                <category android:name="com.zhiluo.android.yunpu" />
295-->src\main\AndroidManifest.xml:194:27-58
296            </intent-filter>
297        </receiver>
298        <receiver android:name="com.zhiluo.android.yunpu.login.receiver.FrorceOfflineReceiver" >
298-->src\main\AndroidManifest.xml:291:9-296:20
298-->src\main\AndroidManifest.xml:291:19-71
299            <intent-filter>
299-->src\main\AndroidManifest.xml:292:13-295:29
300                <action android:name="com.zhiluo.android.yunpu.login.activity.receiver.FrorceOfflineReceiver" />
300-->src\main\AndroidManifest.xml:293:25-102
301                <!-- <action android:name="com.zhiluo.android.yunpu.login.activity.receiver.FrorceOfflineReceiver" /> -->
302            </intent-filter>
303        </receiver>
304
305        <activity
305-->src\main\AndroidManifest.xml:298:9-321:20
306            android:name="com.mob.tools.MobUIShell"
306-->src\main\AndroidManifest.xml:299:13-52
307            android:configChanges="keyboardHidden|orientation|screenSize"
307-->src\main\AndroidManifest.xml:300:13-74
308            android:screenOrientation="portrait"
308-->src\main\AndroidManifest.xml:301:13-49
309            android:theme="@android:style/Theme.Translucent.NoTitleBar"
309-->src\main\AndroidManifest.xml:302:13-72
310            android:windowSoftInputMode="stateHidden|adjustResize" >
310-->src\main\AndroidManifest.xml:303:13-67
311
312            <!-- QQ和QQ空间分享 QQ登录的回调必须要配置的 -->
313            <intent-filter>
313-->src\main\AndroidManifest.xml:306:13-313:29
314                <data android:scheme="tencent1106104847" />
314-->src\main\AndroidManifest.xml:164:17-55
314-->src\main\AndroidManifest.xml:246:23-47
315
316                <action android:name="android.intent.action.VIEW" />
316-->src\main\AndroidManifest.xml:309:17-69
316-->src\main\AndroidManifest.xml:309:25-66
317
318                <category android:name="android.intent.category.BROWSABLE" />
318-->src\main\AndroidManifest.xml:311:17-78
318-->src\main\AndroidManifest.xml:311:27-75
319                <category android:name="android.intent.category.DEFAULT" />
319-->src\main\AndroidManifest.xml:162:17-76
319-->src\main\AndroidManifest.xml:162:27-73
320            </intent-filter>
321
322            <!-- 新浪微博客户端分享回调必须配置 -->
323            <intent-filter>
323-->src\main\AndroidManifest.xml:316:13-320:29
324                <action android:name="com.sina.weibo.sdk.action.ACTION_SDK_REQ_ACTIVITY" />
324-->src\main\AndroidManifest.xml:317:17-92
324-->src\main\AndroidManifest.xml:317:25-89
325